Field #1:
*3*****3112**2100012*21000112**3*2***11*****332101*1112*224*2
4*6*8***11*33*10112*4*22222*23*3235*422346*5***422122*223***3
**6****6322332212*23*43**4*311122*4*32*22**44****112*322*7*6*
**5*7****32**22*5323**335**31102*4*23*32*334*545432*5*23***4*
*43*4*45**33*22***44*33*4*32*102*3235*32233**3*2**23**33*4221
*4223335**321114****333*42112211111***22*4**32122212*54*22221
**21*2***4*10013**55*4*3*3212*3100234212**32101111122**323**1
3*4323353422012*433***322**22**1112*22244321102*43*125*42**41
24**11*3*2*102*32*346*3014*544323*44*5***32*103***322***35*41
*5*4223*221213*212*3**3112****34**4*******43313***32*5*5*3**3
*5*33*422012*332123*544*433344****43456***4**13*53*225*5355**
3*3*3*3*223*4*2*11*3**3***312*6*43*33**5533*422*21123**3***7*
*3333233*2**5342222234556**35**2112**43**233*2222223**4324***
34*2*22*344*3**33*211****33***432225*3134*3*5*32*3**45*2024**
**3212*4*3*4445**4*235*42113*33**3*3*201*4*3**6*4*554**201*32
**31113*33**3**4*312**431001223*4*2322012*334***33***55433210
333*113*22444*32221123**20002*312222*111212*34*424**6*****221
1*2111*323**43212*10014*41113*3222*2222*1013*313*5***35**4*3*
22222212*3*5**22*432102**22*212**3122*321113*324*6*5324*654*2
*34**202232*4*23*4**10235*421135*312*4*224*534**4**21*3****21
2****213*3223334*333312*3**102**6*34*534*****4*33*423233*4210
246*521***33*2**322*3*31223223****5***2****54*22344*3*2232222
*2***125*5**34332*323*32122*2*346*6*52224*32*212***4*22*4*5**
245*311**545*3*222*222*4*4*33211**4*311123232202*54*3344****4
1**32224*3**4*4*212*222***22*11232212*22*2*2*3344*322***545*3
1222*2*21345*23*2123*2223323232*100024*534243****3*1135*4*22*
1224331101**211122*23*2002*4*2*320001****4*3*554222223*4*2111
*4***112334321222*224*4103**222*211235*6**4*4**2222*2**322211
3**4222***2*23**3332***113*42113*22**5*4223*4344**3223433*4*2
*32112*44233*4*53**344423*32*102*33**5*211323*3**4*101**3*5*2
33212*3*222*23*3*33*3*2*3*32211344*4*4333*3*213*4312123454*21
**2*3344*2*334443334*432333*223***2323**3*421012*101*23***210
*323*3**4333****3**4**12*3*5*3**5422*23443*10012221213**42111
1213*34*4*3*54445*45*535*42**434*4*4212**433323*32*213*52001*
02*4233*423**11**32**4***325*42*3***213***3***4*4*4*12**31022
02*5*5*4*2232113*3223*5**21**4*23343*23*424*75*5*5*2235**101*
024****434*112222*2133*33235*5221*2223*5323***5***422**421011
24**6*32**321**1234*2*211*2**3*3322*13***3*5**4*6*5*23*200000
***7*31235*324333**442112223443**23434*6*54*32224**5322221100
24***201*3*3*2*2**4**101*101**2222***3*32**21001*4***11*2*100

Field #2:
111*23*32233*2**3333212**101222*22*3***2112**3*3**211110
*124*5**2***2345*****33*3223**212*4*5534*33*33*323*11*10
222**6*423*532**3456*4*433**4320235**3*4**32211212233332
*13*5**3112**44332**6*5**3*43*101**5*313*44*4322*23**3**
223*433*2235**4*3*5***6*5423*332346*31013*5****33*3**333
1*34*333*3**44**424***5**3*313**3***43212*4*6*33*543222*
123***3*34**34*54*335*5444*325*43*44***23344*423***311*3
01*5**44*324*5**3*21*3**2*23***43324*522**3**4*23***112*
123*333**413*6*5422113333222*43**4*4*43333*33*4323*42111
3*3233*5*3*34***2*2101*22*2344333**43***222224**2323*100
**22**3*233*3*5334*21233*34****113*34*634*21*4*7*4*32211
3322*33221*222*11**31*2*4*4**5321222**3*3*2236****4*33*2
2*12221*2221022214*311224*4443*22*2334433111****545**5*3
*433*3444*3222*224*31001*33**33*32*3*4**10125**6*2****5*
*4**3****4**2*45**5*31012*46*32*334*4**4202*5***223*5*4*
*3234455*32234****6**11122***4222**34*4*212**55311344232
1112**4*31113***43**532*1236*4*11233*222*2334**312***32*
112*33**313*5*421124**2111*3*422234*42013*5*33*4*45**4*3
3*3222233*3**3222334*42113343*22*****2213***212*3**555*2
**32*323*33343*2****43*11**4*32*5**55*4*32433121223***31
45*44**4*21*3*433****21225*6*323*65*5*6*422*4*3100125*41
**4**6*643213**233443212*4**4*33***3**6**2*3***111103**3
23*33*****21345*3*21*22*5*434*4*54323*4*432234422*212***
01112455*43*3**55*2224*5**44*44*4*2011213*201*2*22*124**
01112**422*23****222*5*7*7***4*24*5221103*41323112221*32
01*12***112223**322*3******7*5222***3*224*3*4*3223*21110
011114*4113*223423*4334445*6*5*2247*424**443**4**3*21221
000002*423**33*3*3*4*21*12*6*6*21***33**6**3335*42222**2
0000123**3*4*3*31324*333323***3344533**4***21*3*202*334*
11013*433324243323*32*3**13*644***3*32334*322343324*44*3
*202**4*21*3*3**3**223*4333*3**6*33*324*3223*4**2**4***2
*534*34*313*33*4*4432*22*3*434**33222***32*3**3234*44*31
****323*412*211323**322113**23*5*4*22333*22344311*4*2110
**43*13**2211112*2334*2002333*44**22*113322*4**223*31011
3433344*5*3101*3334*5*4111*12**33323344**23**44*12*2112*
2**3***23**3113*3***5*5*2222234*11*2****43*44*3333221*21
*434**5223**114*53423*6*42*23*5433233*433*33*33**4*21221
2*12**3*123322**5*3124***33*3****3*22122*22*33*33**412*1
2222333333*11*5*4**12***43*346*7*53*222*2223*22234*3*211
*23*32*3**3233*344313**5*333***4**23*4*322*3123*3*343310
23**4*3*554*3*43**103**65*4*43333323**5*22*202**54*3**21
3*5*4343***24*4*32103*****6*311*22*23*5*323313*5**34*44*
**312**34*434*4111234*56***4*2123*32324*21**23*3334*4*4*
44212322*4*3**2001***33***44*313*44*3*4333554*212*5*313*
**22*31213*33332334**34*522*33*4**5*33**4****3202**32133
5*33*5*102232*3***335*6*3123*335***444*4***64*11344*12**
**44**3212*3*5*4322*4***32*212**566***3325**3333**2113*5
**3**55*45*42**42122*6*5*2121223****43*103*54**3*31002**
*5333******214**3*324**41102*31135*4221103**4*3212111232
*4*1124*433224*43*4*5**30113**202*54*21103*5*32113*33*42
3*310022201*2**4223**4*433*34*313***22*225*523*34**4****
2*31001*211235*5*113443***3*33*12**32222***3*33***5*7**3
23*11244*101*4**3201**555333*22333211*113*433*44423***41
*2233***42112*33*1025****12*312**3122321113*32**11346*41
332**44*5*3223333222**64223*214**4*4*5*2014*423333**4*3*
**34*323***5*4**2*3*5**202*312**33*4***301**3*23**43*332
234*43*456****5332*3*5*523*323*3112335*3023323*5**4344*1
12***33***346*4*112334***22*2*22112*22*311*102*4**3***21
*34*6*33*311**52212*3*3321123212*33*322*1111011234433210
3*45**3111013**22*22*3321001*114**34*432211111012**20011
*4****200001244*323223**3211123**5*4***11*12*202*5*3102*
36**63101111*2*23*3*24*6**1001**6*35**533344*314*53*213*
*****2223*3233223*423***4421025**5*5*5**4***44*5*4*22*32
****42**5*4*2*23*4*23*54*3*434***5**3*4*4*7**4**4*21124*
344*324**4*332*4*53*223*23*****644*5534343***534*42213**
*2323*34*32*2224*4*423*421245***3*6***4**225**12*4*5*5**
3*2*212*3323*22*23*3*4**1001*4423***6*5*3102*53325***4*4
*5421023*3*33*3333243*5421133*3223445*4110012**3*4*5345*
***3223*4*34*43**3*3*5**32*3*6**11*2**410000123*24*53***
5**4**4*523***44*325**6**435***322335**10000001223***5*3
**4*335*5*446*5*422****55**5*5211*3*5*5422110001*35**422
222111***3**4*5*3*235**3***4*211224**4***2*112333*4*53*2
112233332223*4*43211*4333443211*33*45*4444211***313**44*
3*4***20001345*4*10112*22*2*3222**32**32**10135*42224**3
**5***31012***4*4310024*4354**224*4444*3332213*5**212*6*
*5*4*5*112*45*43**3322**5***6*42*3***22*11*3*5**55*322**
3*234*312*4*44*334***35**5*6**4*444542223223*4***5**2122
*421**202*33**23*33*32***42***43**4**33*3*233435*4**2000
**1122101112*312*2111124*2124*22***4**3*312**2*212221000

Field #3:
12**2012*323***4*3*100
1*4*201*4**4*64**31111
234321114*43*4*543211*
1**4*2223*3223**4**211
13**44**212*224*4**321
2444**4331212*43324*3*
***3333*3*2124**213*31
343*22*24*32*5**22*321
*223*3212*34*5*312*32*
*32*4*21112**3111334*3
23*3*4*3111221001**5*3
2*3324*4*112221113*5*3
*44*13*4223**3*11234*2
3**323*32*4*4*321*2*32
*654*212*3*222*22233*1
****42223322233*12*421
47**4*4*3*22**3212**21
****32**32*223*101222*

Field #4:
2*3*3*22*3****22***1000000002**213**1001*3*3*22111**312*20
3*33*32*4*46*53*4*43210012223**31**433333*4*5*2*224**34*41
*444*224*4*3*4*3323**2113**4*5*32333****424**334*23**3**3*
4***444**43423*33*44*22*4*4**44*21*2345**23**43**43*444431
***4****54**433*3**3334*424432**31111*2334*44**4*3*4*4**31
244434**3*****224444**5*42**124*20001222*4*43*332435*5**4*
12**2333235*5322**4**4**5*4434*3222223*224*3*222*3**3*4*42
*223*3*102*32*23**5*323**4*2***33**2**532*33233*23*321212*
22113*3102*323*444*322355*23455*4*323***22*11**21111111133
3*213*421223*23**334*3***211**3*421124*42211233100001*22**
**44*5**11*3233*43**35*532224454*112*212*2233*21011223*46*
*6****542224*5*33*533**22*4*3***432*431112***4*433*3*22***
*5*5***3*22****45**45*524**35*53**44**21133535****4*323342
*5356*6*4*335*5*******3*4*5*3*3233**4*21*2*3*5****434*2*10
*3*****3*22*214*65*432224*43434*213342322214**45*44**33121
233455332334323*4*420001*23**3**301*2*2*2112*5*434**6*312*
2*12**11*2***3*45**21013322**44*201233433*3435*6**5*5*4*32
*334*32234443*3**44*102**3445*311013*3**32***3****43*3*33*
23**222*3**112444*21102*5***3*31102**33*21344333322*2223*3
2*6421*4*54312**32222333*565533*103*5223323*3*222111223*3*
2***112*4**2*34*33*3***22*****22213**12**2**412**2213**331
36*410113*3334*3*3*4343213*43222*34*312*544*31223*4*4*4*21
***422212222**54333*11*22344333*3**21012**312*2224**3245*3
****3**23*22****3*22222*2******2223333234*3122*3*4*312****
*6444*43**423**6*433*21123*44553112****3*33*322*3*3213*642
*4*5*44*6**113**4**3*21112332***23*7**43*44**222313*33**20
24****3**333223*3233211*11**5554*3****323**5*22*324**55*31
*34*4222212**432212*1133224****32335*5*22*4*213**3*****4*1
2*444221225****12*3223**33*4445*32*434*43332213*6*5*5*5*42
34****2*2***65534*32*4***3*32*4*5*5**44**2*12*32**41213*4*
**55433224**3***3*33*55*3323*23*5**33**433334*335*300013*3
*4**33*313*44353312*4**212*53323*33223*22*3**5*5**422323*3
235**4*5*43*2*3*11234*4213***3*2111*33223*434******2***43*
2*4*34*7*5*433*212*3*22*13**5*432122**32*33*33334*3224*4*2
2*5322***5*4*42213*3111112*5*4**2*125**33*33*1112232112*32
24**32245*34**21*44310000113*3334221**32*5*5322*21**10123*
2****222**34**322***21121101112*3*1245323****12*33432223*3
*5*54*4*334**6*114**32*3*111113*4211***12*5543233**11**5*2
36*32**322****3202*4*33*212*43*3*1124*42212**3*3*54213**32
***213*32*4*43*112333*21114***32122*323*22244*3*3**223543*
2321012*322112222*3*211001****3123*33*43*2*3*433334*3***32
00112133*22233*23*5320000234322*3**33**21224*4*4*23*4344*2
001*3*4*5*2***4*33**100112*21113*43*2221012*34**32*3*23*4*
0012*4***233434*45*52212*224*423*211100124*4*34*222423**63
000114*6312*21*4***4*2*2233****421000001***43*3222*3*23***
121113**213*2225***323212**56***223221224*6*32*22*4*312342
*4*32*4*43*211*5**311*213***5*522***4*3*44**322*335*522*21
*4**4333**32112**321212*2245**3024**5*32**44*323*2****44*1
124**2*3444*2133423*3132213***201*5*52213*22*4*3233333**21
223*333*2**33*3*3*4*3*2*23**5322324*4*32223334*22*31134421
**2111*334*44*64*4*321213**5*11**34*43**21**3*224**21**4*2
*420124*33*3****35*300114**42224**3*34**224*4211***313**4*
2*211*4**3244**43**3112*3*43*22*5543*4*411*4*31236*41235*3
23*1125*43*3*44*224*33*3223*33*4***335*21335*5*21***43*3*2
1*3223**33*435*5424*5**412*33*4*4*54**311**4*6*4336***3332
223*5**43*34******4**6*4*312*3*222**5*312345*5**2*4**53*3*
*34***6*313**434**45**45*3111211024*423*11**44*543*4**32*2
2**44*4*435*410124*4*5**4*22232212*22*21224**33**3235*4332
24*43222****521013*32*4*43*2***3*21111101*2233*45*43**4**1
2*3**313355***322*4432324*43334*3212222133311*34****5*5321
*224*4*3*2*444**44***22*4*4*423*21*3**4*3**1112***424**200
2214*42*2224*45**6**5*43*34***322224*7**32210014*5325**300
*22**443312***6****65**312*5*4*11*34***432321002**2****200
13*43***3*446****6***4*3122*342212**6*7*3***222344324*3111
13*223535**4*****5332223*223*4*31223****32334**2**2223212*
2*312*4*3*6**445**20001*22*23**5*31334333333**4334*3*3*13*
2*323**443**423*6*42212222112**6*5*2*102****5*44*546*5334*
23*3*55**34*43***3**2*12*321234***322334*56*42*******4**5*
*434**4*32*4**3434343224**4*11*34*201***34**213456**4*44**
2**33*53224*5432*3*3*43****21223232114*5*4*4323*2**4323*7*
13*322**32**4**32*24***3332212*4*3*113*32*3*3**22233*23***
134*225*6*535**53212*4210001*44**4343*322133*432013*6*4342
*3**22****4*4****101111121224**533***22*222*34*201****4*31
*32323*5*5*3*5*42100112*2*2*5**3*35*5223*3*5*4*30123334*3*
3422*2233*234*3100012*213243**534*5**22*23**44*3110124*321
***2112*4333**422323*4222*3*4*3*5**322*3335**423*323***410
3543223**3**5**2***3*4*2*4*43223**432213**6**6*44**5*6**20
1**2**34*3235*423*333*2213*3*213*55**103*******4**5**56*30
2454333*3211**201222*321011213*33***3102*65435*534*44***20
1***11*22*34431112*212*3321002*22**310012**102**35*33**321
24*3112233***101*222112***3213343322222233321245***32*311*
1*32212*3*5*4324321*2134***2*2***101**4**22*11**5**2122111
123*2*214*54*4***1234*2*4433233*42124**322*3335*323322*100
02*333313*4***5*643**5534*21*1224*33*531012*2**4202**42211
02*32**33*44*55****5****5*31111*4**5**20112124**323**5*11*
123*35**433*4**43435*6*4**301233*44***201*1003*7**33**3211
1*33*3*5**22*5*422*4*6444*312**313*43221323112****3234*211
23*2245*422224**2*35****212*23*213*3123*4*4*323*43*22*22*1
*4432***312*34*323*5**53102332111*34*3***3***2333335*32343
3***23*44*43**2113**44*2222**311344**44544465*2**3***32***
*5443322***344323*322*34**33**12***45*5**4***44445**5*35*5
*3*3**112322**4**43334*4**334533**54******4*4**4**5*43*3**
1213*310000123***3***3*323*2***223**3334*32123*4**312*223*

Field #5:
0001**12*44*21**3**32*10112**2013*21**22**21*2111*1
00012323****2135*7*5*2102*33*311**4455*34*3222*1111
110012*34453323*****21002*334*4333****3*212*2222232
*3101*4*4*3*3**34443321135*3****1135532111234*22***
**20113*4*33*5323*43**23***435*3101**21112*3**23*63
5*4233444323**22****543**655*433101333*11*3*5423**1
**3******3*4433*4555**223****4**2012*2111123**13*41
4544*6*533**2*22*2**332113**6*6*312*43111214*522*31
***23*4*23444232333322*1024*5**32*34**32*3*3**1113*
*5324*42*3**3*3*3*43*32212*35**4212****33*45542113*
2*23**224*43*3*23***22*23*4*3***2014*644*4****22*32
113**421**43221114*42234**3235**3102*4**5*57*7*44*2
123*5*1234**311223*33*5**422*3*5*1013*6**5******4*3
*3*4*333*23**22**33*3***33*3133*32113*4*4**656*6*5*
24*312**322343*322*3434213*411*22*23*54223**2**5*4*
2*432234*32*4*42123*2*1002**111113*5***21122224*321
*4**4*22**22***23*4332211122101112*4*55*3222124*300
2*4*5*313432355*3**3*11*1012333*11133*4*4**4*3**311
22324*201**11**333*31222212****21002*6*55***3*444*2
1*23*3112322345*332212*11*24**532113*****442213**4*
34*4*422*113**3**2*22*211223*6**3*12*56*5*32113**41
**4*4**4221**4444312*32002*32***411112**43**21*4*31
4*425**3*2223*3**1023*2225*423**32110234*34*321212*
*54*4*533*1124*65433*3*2****2123*2*101*44*22*222343
***24*5*4344*5******44334***31122322234**2113*4****
*6544*4*4*****4**7**4**23*5*43*22*11**5*41014**5432
3****333*4545345*6*43*43*222**33*31234**3122****111
2*55*32*4*4*3*3**5*2224*31013*33*202*4443*3*7*6311*
35*44*424**3*23*4*334*5*3112433*3313*4**324****2022
***4***24*531122424****3*33***22*3*22*322*224**412*
*523**53***3101*3*5**4222**4*4222*322122321024**13*
*3134*4*55**2112*5**6321222335*3323*112**3112*5434*
12*2*34**235*4333*****4*2111****2*2112*5*3*13*4**3*
012334*4211*****22334**44*3334*4321125*534335*54331
001*2**31013*4321000246**5**3213*213***4**3****3*31
1122333*1001221011101****4***202*33****4333*5445*4*
1*11*11122211*212*2113*5434**31333***544*1113*3**31
233332212**2223*23*3113*5*45*43**32444**31002*33320
*2**4*3*333*22*224**223****5**4**212**5*41101122*32
355*6*54*3213*432**4*3*434*4*33*421*446*4*22211*3**
***5***4**424**4*65423*312121223*2345***422**12234*
*43**534****3**4****2334*32222*213****44*213322*33*
223343*2345332223*422**4**3**32313**5322*201*12**21
2*2*3*312*4*20123222345*534*32*4*3222*1234222333210
*3325*523*4*422**22**2**3*21123**4322123***33**3232
*21*4***3123**35*32*4344421001*44***102**6**4**6***
33224*6*3113*64**3323*4**2111222*443224*5*45*5****3
**11*5*32*34***44*3*32**54*21*1112*22**4*4*4*434432
34222**322**543*323*323*3**43332122*333*46*413*32*1
*3*1246*214**323*234*11123**3**4*323*113***312**332
3*322***213**3*223**42211124*44**4*42102**4*1234*2*
*43*234311*444323*5*3*3*1002*22*33**1001233212*3232
*5*322*10224**3*5*4234*3112321111234210112*102*21*2
3**22*4211*3*45*5*21*3*423**222101*4*323*321011113*
2*435*4*222323**5222222**5*53**2012**4**4*21100125*
235***42*23*23***22*10234***33*2001346*6*32*3333***
2***6*2224**33**53*3212*335*32221112***5*323****34*
2*7*5232*4*42*4**324*33*43*22*22*23*7*5*34*43454322
23**4*2*23*3224543*3*3*3**4333*22*3***434***32**2*1
*44*3122333*23***21223223*4**322113455*4**6**333211
*5*32111**33*5*521113*2024*533*3223**3*4*34*53*3210
*5*31*22444*3**4222*3*202***22*5**3*3324222*5*4**10
24*2112*4**335*4**3121213*5*322**53223*5*322**44431
*2222122***22**44*20123*3243*334**23*5****11345**3*
122*3*234*323*32*2213**34*3*4**2222***3343202****31
12*3*4*3*333*211123*4*5*5*43*5320125*5212*213*7*410
1*2213*312**210001**313*4*22*3*101*3**11*22*22**200
